1700771070033	geckodriver	INFO	Listening on 127.0.0.1:61608
1700771073123	mozrunner::runner	INFO	Running command: "C:\\Program Files (x86)\\Mozilla Firefox\\firefox.exe" "--marionette" "-no-remote" "-profile" "C:\\Users\\Anssi\\AppData\\Local\\Temp\\rust_mozprofile65gm4K"
console.warn: services.settings: Ignoring preference override of remote settings server
console.warn: services.settings: Allow by setting MOZ_REMOTE_SETTINGS_DEVTOOLS=1 in the environment
1700771077605	Marionette	INFO	Marionette enabled
Dynamically enable window occlusion 0
1700771077998	Marionette	INFO	Listening on port 61638
Read port: 61638
1700771080028	RemoteAgent	WARN	TLS certificate errors will be ignored for this session
1700771108819	addons.xpi	ERROR	System addon update list error SyntaxError: XMLHttpRequest.open: 'http://%(server)s/dummy-system-addons.xml' is not a valid URL.
JavaScript warning: https://www.inderes.fi/_next/static/chunks/main-8ea3d3ef02edc52a.js, line 6: Script terminated by timeout at:
78018/O/<@https://www.inderes.fi/_next/static/chunks/main-8ea3d3ef02edc52a.js:6:9326
t@https://www.inderes.fi/_next/static/chunks/main-8ea3d3ef02edc52a.js:6:8822

1700771126528	Marionette	INFO	Stopped listening on port 61638
Dynamically enable window occlusion 1
1700771130016	geckodriver	INFO	Listening on 127.0.0.1:61689
1700771132953	mozrunner::runner	INFO	Running command: "C:\\Program Files (x86)\\Mozilla Firefox\\firefox.exe" "--marionette" "-no-remote" "-profile" "C:\\Users\\Anssi\\AppData\\Local\\Temp\\rust_mozprofilelsaw4p"
console.warn: services.settings: Ignoring preference override of remote settings server
console.warn: services.settings: Allow by setting MOZ_REMOTE_SETTINGS_DEVTOOLS=1 in the environment
1700771134388	Marionette	INFO	Marionette enabled
Dynamically enable window occlusion 0
1700771134757	Marionette	INFO	Listening on port 61699
Read port: 61699
1700771135601	RemoteAgent	WARN	TLS certificate errors will be ignored for this session
1700771146773	Marionette	WARN	Ignoring event 'DOMContentLoaded' because document has an invalid readyState of 'complete'.
1700771166182	addons.xpi	ERROR	System addon update list error SyntaxError: XMLHttpRequest.open: 'http://%(server)s/dummy-system-addons.xml' is not a valid URL.
1700771168234	Marionette	WARN	Ignoring event 'DOMContentLoaded' because document has an invalid readyState of 'complete'.
JavaScript error: resource://gre/modules/XULStore.sys.mjs, line 60: Error: Can't find profile directory.
JavaScript warning: https://cdn.videosync.fi/legacy/bundles/event.js, line 6: Script terminated by timeout at:
rt@https://cdn.videosync.fi/legacy/bundles/event.js:6:14874

1700771183058	Marionette	WARN	Ignoring event 'DOMContentLoaded' because document has an invalid readyState of 'complete'.
1700771193784	Marionette	WARN	Ignoring event 'DOMContentLoaded' because document has an invalid readyState of 'complete'.
JavaScript error: resource://gre/modules/XULStore.sys.mjs, line 60: Error: Can't find profile directory.
1700771229227	Marionette	WARN	Ignoring event 'DOMContentLoaded' because document has an invalid readyState of 'complete'.
JavaScript error: resource://gre/modules/XULStore.sys.mjs, line 60: Error: Can't find profile directory.
JavaScript warning: https://cdn.videosync.fi/legacy/bundles/event.js, line 6: Script terminated by timeout at:
rt@https://cdn.videosync.fi/legacy/bundles/event.js:6:14874

1700771241049	Marionette	WARN	Ignoring event 'DOMContentLoaded' because document has an invalid readyState of 'complete'.
1700771250862	Marionette	WARN	Ignoring event 'DOMContentLoaded' because document has an invalid readyState of 'complete'.
1700771271782	Marionette	WARN	Ignoring event 'DOMContentLoaded' because document has an invalid readyState of 'complete'.
JavaScript error: resource://gre/modules/XULStore.sys.mjs, line 60: Error: Can't find profile directory.
1700771295243	Marionette	WARN	Ignoring event 'DOMContentLoaded' because document has an invalid readyState of 'complete'.
JavaScript warning: https://f91801fa-5afe-484d-9afd-91e3d172d9a2.edge.permutive.app/f91801fa-5afe-484d-9afd-91e3d172d9a2-web.js, line 1: Script terminated by timeout at:
S@https://f91801fa-5afe-484d-9afd-91e3d172d9a2.edge.permutive.app/f91801fa-5afe-484d-9afd-91e3d172d9a2-web.js:1:186384
2652/v/</<@https://f91801fa-5afe-484d-9afd-91e3d172d9a2.edge.permutive.app/f91801fa-5afe-484d-9afd-91e3d172d9a2-web.js:1:185361

1700771306510	Marionette	INFO	Stopped listening on port 61699
Dynamically enable window occlusion 1
1700771310715	geckodriver	INFO	Listening on 127.0.0.1:61897
1700771313673	mozrunner::runner	INFO	Running command: "C:\\Program Files (x86)\\Mozilla Firefox\\firefox.exe" "--marionette" "-no-remote" "-profile" "C:\\Users\\Anssi\\AppData\\Local\\Temp\\rust_mozprofilexoIpEP"
console.warn: services.settings: Ignoring preference override of remote settings server
console.warn: services.settings: Allow by setting MOZ_REMOTE_SETTINGS_DEVTOOLS=1 in the environment
1700771315236	Marionette	INFO	Marionette enabled
Dynamically enable window occlusion 0
1700771315810	Marionette	INFO	Listening on port 61907
Read port: 61907
1700771317142	RemoteAgent	WARN	TLS certificate errors will be ignored for this session
console.error: (new TypeError("this._searchProviderInfo is null", "resource:///modules/SearchSERPTelemetry.sys.mjs", 692))
1700771331830	Marionette	WARN	Ignoring event 'DOMContentLoaded' because document has an invalid readyState of 'complete'.
1700771336807	Marionette	WARN	Ignoring event 'DOMContentLoaded' because document has an invalid readyState of 'complete'.
1700771340981	Marionette	WARN	Ignoring event 'DOMContentLoaded' because document has an invalid readyState of 'complete'.
1700771345979	addons.xpi	ERROR	System addon update list error SyntaxError: XMLHttpRequest.open: 'http://%(server)s/dummy-system-addons.xml' is not a valid URL.
1700771363289	Marionette	WARN	Ignoring event 'DOMContentLoaded' because document has an invalid readyState of 'complete'.
1700771386075	Marionette	INFO	Stopped listening on port 61907
Dynamically enable window occlusion 1
1700771389104	geckodriver	INFO	Listening on 127.0.0.1:61993
1700771392108	mozrunner::runner	INFO	Running command: "C:\\Program Files (x86)\\Mozilla Firefox\\firefox.exe" "--marionette" "-no-remote" "-profile" "C:\\Users\\Anssi\\AppData\\Local\\Temp\\rust_mozprofilelyz3vo"
console.warn: services.settings: Ignoring preference override of remote settings server
console.warn: services.settings: Allow by setting MOZ_REMOTE_SETTINGS_DEVTOOLS=1 in the environment
1700771393338	Marionette	INFO	Marionette enabled
Dynamically enable window occlusion 0
1700771394023	Marionette	INFO	Listening on port 62003
Read port: 62003
1700771395002	RemoteAgent	WARN	TLS certificate errors will be ignored for this session
console.error: (new TypeError("this._searchProviderInfo is null", "resource:///modules/SearchSERPTelemetry.sys.mjs", 692))
1700771405637	Marionette	WARN	Ignoring event 'DOMContentLoaded' because document has an invalid readyState of 'complete'.
1700771416569	Marionette	INFO	Stopped listening on port 62003
Dynamically enable window occlusion 1
